AureusBudget/app/build/intermediates/manifest_merge_blame_file/debug/processDebugMainManifest/manifest-merger-blame-debug-report 3.txt
1<?xml version="1.0" encoding="utf-8"?>
2<manifest xmlns:android="http://schemas.android.com/apk/res/android"
3    package="com.aureus.budget"
4    android:versionCode="1"
5    android:versionName="1.0" >
6
7    <uses-sdk
8        android:minSdkVersion="26"
9        android:targetSdkVersion="34" />
10
11    <uses-permission android:name="android.permission.CAMERA" />
11-->src/main/AndroidManifest.xml:4:5-65
11-->src/main/AndroidManifest.xml:4:22-62
12    <uses-permission
12-->src/main/AndroidManifest.xml:5:5-6:38
13        android:name="android.permission.READ_EXTERNAL_STORAGE"
13-->src/main/AndroidManifest.xml:5:22-77
14        android:maxSdkVersion="32" />
14-->src/main/AndroidManifest.xml:6:9-35
15    <uses-permission android:name="android.permission.READ_MEDIA_IMAGES" />
15-->src/main/AndroidManifest.xml:7:5-76
15-->src/main/AndroidManifest.xml:7:22-73
16    <uses-permission
16-->src/main/AndroidManifest.xml:8:5-9:38
17        android:name="android.permission.WRITE_EXTERNAL_STORAGE"
17-->src/main/AndroidManifest.xml:8:22-78
18        android:maxSdkVersion="28" />
18-->src/main/AndroidManifest.xml:9:9-35
19
20    <uses-feature
20-->src/main/AndroidManifest.xml:11:5-13:36
21        android:name="android.hardware.camera"
21-->src/main/AndroidManifest.xml:12:9-47
22        android:required="false" />
22-->src/main/AndroidManifest.xml:13:9-33
23
24    <permission
24-->[androidx.core:core:1.12.0] AndroidManifest.xml:22:5-24:47
25        android:name="com.aureus.budget.DYNAMIC_RECEIVER_NOT_EXPORTED_PERMISSION"
25-->[androidx.core:core:1.12.0] AndroidManifest.xml:23:9-81
26        android:protectionLevel="signature" />
26-->[androidx.core:core:1.12.0] AndroidManifest.xml:24:9-44
27
28    <uses-permission android:name="com.aureus.budget.DYNAMIC_RECEIVER_NOT_EXPORTED_PERMISSION" />
28-->[androidx.core:core:1.12.0] AndroidManifest.xml:26:5-97
28-->[androidx.core:core:1.12.0] AndroidManifest.xml:26:22-94
29
30    <application
30-->src/main/AndroidManifest.xml:15:5-77:19
31        android:allowBackup="true"
31-->src/main/AndroidManifest.xml:16:9-35
32        android:appComponentFactory="androidx.core.app.CoreComponentFactory"
32-->[androidx.core:core:1.12.0] AndroidManifest.xml:28:18-86
33        android:debuggable="true"
34        android:extractNativeLibs="false"
35        android:icon="@mipmap/ic_launcher"
35-->src/main/AndroidManifest.xml:17:9-43
36        android:label="@string/app_name"
36-->src/main/AndroidManifest.xml:18:9-41
37        android:roundIcon="@mipmap/ic_launcher_round"
37-->src/main/AndroidManifest.xml:19:9-54
38        android:supportsRtl="true"
38-->src/main/AndroidManifest.xml:20:9-35
39        android:testOnly="true"
40        android:theme="@style/Theme.AureusBudget"
40-->src/main/AndroidManifest.xml:21:9-50
41        android:usesCleartextTraffic="false" >
41-->src/main/AndroidManifest.xml:22:9-45
42
43        <!-- FileProvider for camera photos -->
44        <provider
45            android:name="androidx.core.content.FileProvider"
45-->src/main/AndroidManifest.xml:26:13-62
46            android:authorities="com.aureus.budget.fileprovider"
46-->src/main/AndroidManifest.xml:27:13-64
47            android:exported="false"
47-->src/main/AndroidManifest.xml:28:13-37
48            android:grantUriPermissions="true" >
48-->src/main/AndroidManifest.xml:29:13-47
49            <meta-data
49-->src/main/AndroidManifest.xml:30:13-32:54
50                android:name="android.support.FILE_PROVIDER_PATHS"
50-->src/main/AndroidManifest.xml:31:17-67
51                android:resource="@xml/file_paths" />
51-->src/main/AndroidManifest.xml:32:17-51
52        </provider>
53
54        <activity
54-->src/main/AndroidManifest.xml:35:9-43:20
55            android:name="com.aureus.budget.ui.LoginActivity"
55-->src/main/AndroidManifest.xml:36:13-45
56            android:exported="true"
56-->src/main/AndroidManifest.xml:37:13-36
57            android:windowSoftInputMode="adjustResize" >
57-->src/main/AndroidManifest.xml:38:13-55
58            <intent-filter>
58-->src/main/AndroidManifest.xml:39:13-42:29
59                <action android:name="android.intent.action.MAIN" />
59-->src/main/AndroidManifest.xml:40:17-69
59-->src/main/AndroidManifest.xml:40:25-66
60
61                <category android:name="android.intent.category.LAUNCHER" />
61-->src/main/AndroidManifest.xml:41:17-77
61-->src/main/AndroidManifest.xml:41:27-74
62            </intent-filter>
63        </activity>
64        <activity
64-->src/main/AndroidManifest.xml:45:9-47:58
65            android:name="com.aureus.budget.ui.RegisterActivity"
65-->src/main/AndroidManifest.xml:46:13-48
66            android:windowSoftInputMode="adjustResize" />
66-->src/main/AndroidManifest.xml:47:13-55
67        <activity
67-->src/main/AndroidManifest.xml:49:9-51:58
68            android:name="com.aureus.budget.ui.MainActivity"
68-->src/main/AndroidManifest.xml:50:13-44
69            android:windowSoftInputMode="adjustResize" />
69-->src/main/AndroidManifest.xml:51:13-55
70        <activity
70-->src/main/AndroidManifest.xml:53:9-55:58
71            android:name="com.aureus.budget.ui.AddExpenseActivity"
71-->src/main/AndroidManifest.xml:54:13-50
72            android:windowSoftInputMode="adjustResize" />
72-->src/main/AndroidManifest.xml:55:13-55
73        <activity
73-->src/main/AndroidManifest.xml:57:9-59:58
74            android:name="com.aureus.budget.ui.CategoryActivity"
74-->src/main/AndroidManifest.xml:58:13-48
75            android:windowSoftInputMode="adjustResize" />
75-->src/main/AndroidManifest.xml:59:13-55
76        <activity
76-->src/main/AndroidManifest.xml:61:9-63:58
77            android:name="com.aureus.budget.ui.BudgetGoalsActivity"
77-->src/main/AndroidManifest.xml:62:13-51
78            android:windowSoftInputMode="adjustResize" />
78-->src/main/AndroidManifest.xml:63:13-55
79        <activity
79-->src/main/AndroidManifest.xml:65:9-67:58
80            android:name="com.aureus.budget.ui.ExpenseListActivity"
80-->src/main/AndroidManifest.xml:66:13-51
81            android:windowSoftInputMode="adjustResize" />
81-->src/main/AndroidManifest.xml:67:13-55
82        <activity
82-->src/main/AndroidManifest.xml:69:9-71:58
83            android:name="com.aureus.budget.ui.CategoryReportActivity"
83-->src/main/AndroidManifest.xml:70:13-54
84            android:windowSoftInputMode="adjustResize" />
84-->src/main/AndroidManifest.xml:71:13-55
85        <activity
85-->src/main/AndroidManifest.xml:73:9-75:58
86            android:name="com.aureus.budget.ui.ExpenseDetailActivity"
86-->src/main/AndroidManifest.xml:74:13-53
87            android:windowSoftInputMode="adjustResize" />
87-->src/main/AndroidManifest.xml:75:13-55
88
89        <provider
89-->[androidx.emoji2:emoji2:1.2.0] AndroidManifest.xml:24:9-32:20
90            android:name="androidx.startup.InitializationProvider"
90-->[androidx.emoji2:emoji2:1.2.0] AndroidManifest.xml:25:13-67
91            android:authorities="com.aureus.budget.androidx-startup"
91-->[androidx.emoji2:emoji2:1.2.0] AndroidManifest.xml:26:13-68
92            android:exported="false" >
92-->[androidx.emoji2:emoji2:1.2.0] AndroidManifest.xml:27:13-37
93            <meta-data
93-->[androidx.emoji2:emoji2:1.2.0] AndroidManifest.xml:29:13-31:52
94                android:name="androidx.emoji2.text.EmojiCompatInitializer"
94-->[androidx.emoji2:emoji2:1.2.0] AndroidManifest.xml:30:17-75
95                android:value="androidx.startup" />
95-->[androidx.emoji2:emoji2:1.2.0] AndroidManifest.xml:31:17-49
96            <meta-data
96-->[androidx.lifecycle:lifecycle-process:2.7.0] AndroidManifest.xml:29:13-31:52
97                android:name="androidx.lifecycle.ProcessLifecycleInitializer"
97-->[androidx.lifecycle:lifecycle-process:2.7.0] AndroidManifest.xml:30:17-78
98                android:value="androidx.startup" />
98-->[androidx.lifecycle:lifecycle-process:2.7.0] AndroidManifest.xml:31:17-49
99            <meta-data
99-->[androidx.profileinstaller:profileinstaller:1.3.0] AndroidManifest.xml:29:13-31:52
100                android:name="androidx.profileinstaller.ProfileInstallerInitializer"
100-->[androidx.profileinstaller:profileinstaller:1.3.0] AndroidManifest.xml:30:17-85
101                android:value="androidx.startup" />
101-->[androidx.profileinstaller:profileinstaller:1.3.0] AndroidManifest.xml:31:17-49
102        </provider>
103
104        <service
104-->[androidx.room:room-runtime:2.6.1] AndroidManifest.xml:24:9-28:63
105            android:name="androidx.room.MultiInstanceInvalidationService"
105-->[androidx.room:room-runtime:2.6.1] AndroidManifest.xml:25:13-74
106            android:directBootAware="true"
106-->[androidx.room:room-runtime:2.6.1] AndroidManifest.xml:26:13-43
107            android:exported="false" />
107-->[androidx.room:room-runtime:2.6.1] AndroidManifest.xml:27:13-37
108
109        <receiver
109-->[androidx.profileinstaller:profileinstaller:1.3.0] AndroidManifest.xml:34:9-52:20
110            android:name="androidx.profileinstaller.ProfileInstallReceiver"
110-->[androidx.profileinstaller:profileinstaller:1.3.0] AndroidManifest.xml:35:13-76
111            android:directBootAware="false"
111-->[androidx.profileinstaller:profileinstaller:1.3.0] AndroidManifest.xml:36:13-44
112            android:enabled="true"
112-->[androidx.profileinstaller:profileinstaller:1.3.0] AndroidManifest.xml:37:13-35
113            android:exported="true"
113-->[androidx.profileinstaller:profileinstaller:1.3.0] AndroidManifest.xml:38:13-36
114            android:permission="android.permission.DUMP" >
114-->[androidx.profileinstaller:profileinstaller:1.3.0] AndroidManifest.xml:39:13-57
115            <intent-filter>
115-->[androidx.profileinstaller:profileinstaller:1.3.0] AndroidManifest.xml:40:13-42:29
116                <action android:name="androidx.profileinstaller.action.INSTALL_PROFILE" />
116-->[androidx.profileinstaller:profileinstaller:1.3.0] AndroidManifest.xml:41:17-91
116-->[androidx.profileinstaller:profileinstaller:1.3.0] AndroidManifest.xml:41:25-88
117            </intent-filter>
118            <intent-filter>
118-->[androidx.profileinstaller:profileinstaller:1.3.0] AndroidManifest.xml:43:13-45:29
119                <action android:name="androidx.profileinstaller.action.SKIP_FILE" />
119-->[androidx.profileinstaller:profileinstaller:1.3.0] AndroidManifest.xml:44:17-85
119-->[androidx.profileinstaller:profileinstaller:1.3.0] AndroidManifest.xml:44:25-82
120            </intent-filter>
121            <intent-filter>
121-->[androidx.profileinstaller:profileinstaller:1.3.0] AndroidManifest.xml:46:13-48:29
122                <action android:name="androidx.profileinstaller.action.SAVE_PROFILE" />
122-->[androidx.profileinstaller:profileinstaller:1.3.0] AndroidManifest.xml:47:17-88
122-->[androidx.profileinstaller:profileinstaller:1.3.0] AndroidManifest.xml:47:25-85
123            </intent-filter>
124            <intent-filter>
124-->[androidx.profileinstaller:profileinstaller:1.3.0] AndroidManifest.xml:49:13-51:29
125                <action android:name="androidx.profileinstaller.action.BENCHMARK_OPERATION" />
125-->[androidx.profileinstaller:profileinstaller:1.3.0] AndroidManifest.xml:50:17-95
125-->[androidx.profileinstaller:profileinstaller:1.3.0] AndroidManifest.xml:50:25-92
126            </intent-filter>
127        </receiver>
128    </application>
129
130</manifest>